
============================================================
CONTEXT FOR AI:

        [PROJECT CONTEXT]
        Name: class_lunch_ordering_system
        Goal: 一個班級的訂餐系統 在此輸出後端運行日誌
        
============================================================

INFO     (2026/03/13 23:00:20): [logger.py] (Line: 105) 
==================================================
############### START NEW SESSION ################
==================================================

DEBUG    (2026/03/13 23:00:20): [logger.py] (Line: 116) --- [Logging Configs] ---
DEBUG    (2026/03/13 23:00:20): [logger.py] (Line: 119)            do_session_log: True
DEBUG    (2026/03/13 23:00:20): [logger.py] (Line: 119)             do_master_log: True
DEBUG    (2026/03/13 23:00:20): [logger.py] (Line: 119)            do_console_log: True
DEBUG    (2026/03/13 23:00:20): [logger.py] (Line: 119)            do_end_marking: True
DEBUG    (2026/03/13 23:00:20): [logger.py] (Line: 119)          do_start_marking: True
DEBUG    (2026/03/13 23:00:20): [logger.py] (Line: 119)      do_force_end_marking: True
DEBUG    (2026/03/13 23:00:20): [logger.py] (Line: 119)       is_colorful_console: True
DEBUG    (2026/03/13 23:00:20): [logger.py] (Line: 119)             add_init_info: True
DEBUG    (2026/03/13 23:00:20): [logger.py] (Line: 119)                 formatter: %(levelname)-8s (%(asctime)s): [%(filename)s] (Line: %(lineno)d) %(message)s
DEBUG    (2026/03/13 23:00:20): [logger.py] (Line: 119)             dateformatter: %Y/%m/%d %H:%M:%S
DEBUG    (2026/03/13 23:00:20): [logger.py] (Line: 119)        master_log_maxbyte: 5242880
DEBUG    (2026/03/13 23:00:20): [logger.py] (Line: 119)      master_log_maxbackup: 3
DEBUG    (2026/03/13 23:00:20): [logger.py] (Line: 119)             logging_level: DEBUG
DEBUG    (2026/03/13 23:00:20): [logger.py] (Line: 119)                   log_dir: logs
DEBUG    (2026/03/13 23:00:20): [logger.py] (Line: 120) -------------------------
INFO     (2026/03/13 23:00:20): [logger.py] (Line: 123) 日誌系統已在線程保護下完成初始化。
INFO     (2026/03/13 23:00:20): [main.py] (Line: 20) Hello from class-lunch-ordering-system V0.0-Beta
INFO     (2026/03/13 23:00:20): [logger.py] (Line: 190) 
- - - - - - - - - - - - - - - - - - - - - - - - -
~~~~~~~~~~~~~~~ PROGRAM TERMINATED ~~~~~~~~~~~~~~~
- - - - - - - - - - - - - - - - - - - - - - - - -




